# Model: AE8max
# Altitude:  400km
# Inclination:  90deg
# Duty cycle: 81.3%
# Lat.(deg)    Domain(s) of exclusion in longitude(deg)
  -84.0        -100.64    -51.18
  -83.0        -115.84    -34.99
  -82.0        -128.43    -24.20
  -81.0        -133.23    -15.25
  -80.0        -139.26     -9.77
  -79.0        -142.01     -2.58
  -78.0        -146.49      0.81
  -77.0        -148.38      4.37
  -76.0        -150.70      6.49
  -75.0        -152.46     10.17
  -74.0        -154.18     13.11
  -73.0        -152.29     17.41
  -72.0        -152.27     21.09
  -71.0        -152.35     22.97
  -70.0        -153.97     25.36
  -69.0        -152.08     28.36
  -68.0        -152.56     32.05
  -67.0        -154.44     34.06
  -66.0        -155.47   -105.41    -82.16     35.81
  -65.0        -155.43   -116.03    -71.37     41.16
  -64.0        -157.19   -121.39    -66.18     42.75
  -63.0        -157.10   -127.84    -60.54     44.89
  -62.0        -160.04   -133.81    -56.86     48.07
  -61.0        -162.29   -139.03    -55.64     52.12
  -60.0        -164.00   -144.39    -51.47     55.80
  -59.0        -165.76   -151.35    -50.46     59.48
  -58.0        -167.52   -154.97    -51.34     60.32
  -57.0        -172.70     66.72
  -56.0        -174.77     70.40
  -55.0        -176.17     70.86
  -54.0        -179.73     72.57
  -53.0        -178.53     72.53
  -52.0         -59.83     72.49
  -51.0         -61.71     72.41
  -50.0         -63.34     72.32
  -49.0         -67.15     72.28
  -48.0         -67.19     72.20
  -47.0         -69.07     72.15
  -46.0         -70.95     72.07
  -45.0         -71.91     72.03
  -44.0         -73.63     71.97
  -43.0         -74.76     72.05
  -42.0         -74.80     76.58
  -41.0         -74.89     32.01     60.66     76.63
  -40.0         -74.93      2.02
  -39.0         -75.01     10.80
  -38.0         -78.56     12.56
  -37.0         -78.52     12.65
  -36.0         -78.43     12.69
  -35.0         -78.39     12.77
  -34.0         -78.31     12.81
  -33.0         -75.39     11.06
  -32.0         -75.47      9.30
  -31.0         -75.52      2.32
  -30.0         -75.60      1.35
  -29.0         -75.64     -4.13
  -28.0         -75.68    -10.06
  -27.0         -72.58    -20.68
  -26.0         -77.81    -20.64
  -25.0         -81.36    -25.79
  -24.0         -83.08    -29.47
  -23.0         -83.12    -32.93
  -22.0         -85.01    -36.71
  -21.0         -85.09    -43.56
  -20.0         -83.33    -57.78
  -19.0         -83.38    -55.89
  -18.0         -81.62    -55.85
  -17.0         -79.02    -55.77
  -16.0         -77.14    -55.73
  -15.0         -76.52    -55.64
  -14.0         -72.96    -55.60
  -13.0         -69.86    -55.52
  -12.0         -62.38    -55.47
   39.0         -90.83    -89.64
   40.0        -103.90    -85.43
   41.0        -112.76    -80.25
   42.0        -120.37    -76.92
   43.0        -125.14    -74.94
   44.0        -126.90    -76.80
   45.0        -135.72    -64.21
   46.0        -138.56    -62.37
   47.0        -144.50    -50.18
   48.0        -149.86    -49.74
   49.0        -149.81    -41.40
   50.0        -158.64    -38.86
   51.0        -162.11    -30.82
   52.0        -169.22    -27.26
   53.0        -172.94    -17.24
   54.0        -179.80     -6.46
   55.0        -179.75    179.87
   56.0        -179.71   -131.41    169.08    179.78
   57.0        -179.63   -126.06    158.96    179.70
   58.0        -179.59   -126.81    152.81    179.66
   59.0        -179.50   -126.86    143.86    179.58
   60.0        -179.42   -132.96    123.37    179.53
   61.0        -179.38   -137.73    107.94    179.45
   62.0        -179.29   -139.57    107.90    179.41
   63.0        -179.25   -143.50    111.41    179.32
   64.0        -179.17   -148.81    111.37    179.28
   65.0        -179.13   -150.49    111.33    179.20
   66.0        -179.09   -157.59    111.29    179.16
   67.0        -179.13   -159.52    111.33    179.24
   68.0        -179.21   -166.37    111.41    179.28
   69.0        -179.25    179.37
   70.0        -179.34    179.41
   71.0          -8.82     82.26     95.48    177.02
   72.0           3.58    168.03
   73.0          14.33    159.97
   74.0          28.72    147.50
   75.0         113.63    133.24
