# Model: AE8max
# Altitude:  400km
# Inclination:  90deg
# Duty cycle: 81.3%
# Lat.(deg)    Domain(s) of exclusion in longitude(deg)
  -84.0        -100.64    -48.59
  -83.0        -118.61    -34.20
  -82.0        -129.15    -21.61
  -81.0        -134.76    -14.46
  -80.0        -139.85     -8.98
  -79.0        -143.41     -2.58
  -78.0        -147.08      0.81
  -77.0        -150.63      4.37
  -76.0        -150.70      7.15
  -75.0        -152.56     10.70
  -74.0        -154.31     15.53
  -73.0        -154.35     17.94
  -72.0        -152.72     21.62
  -71.0        -154.38     22.97
  -70.0        -154.43     26.11
  -69.0        -152.08     29.54
  -68.0        -153.40     32.05
  -67.0        -154.77     34.33
  -66.0        -155.47   -105.41    -81.37     37.88
  -65.0        -157.10   -116.03    -71.01     41.29
  -64.0        -158.81   -123.22    -65.23     43.41
  -63.0        -160.57   -128.57    -59.75     45.30
  -62.0        -161.54   -137.03    -56.07     48.70
  -61.0        -164.05   -142.77    -52.65     52.38
  -60.0        -165.93   -146.32    -51.07     55.93
  -59.0        -166.90   -151.80    -49.80     59.48
  -58.0        -169.53   -155.98    -51.21     63.17
  -57.0        -172.70   -160.70    -50.47     66.72
  -56.0        -174.96   -164.76    -53.35     70.40
  -55.0        -176.84   -168.84    -55.65     71.61
  -54.0        -179.73   -171.58    -55.61     72.84
  -53.0        -179.67   -171.66    -54.47     73.32    171.55    179.61
  -52.0         -59.83     72.84
  -51.0         -63.12     73.20
  -50.0         -65.26     73.11
  -49.0         -67.15     72.90
  -48.0         -68.37     72.99
  -47.0         -69.07     72.95
  -46.0         -70.95     72.86
  -45.0         -72.18     74.58
  -44.0         -73.63     74.54
  -43.0         -74.86     76.12
  -42.0         -76.47     76.58
  -41.0         -76.97     31.33     66.56     76.63
  -40.0         -78.31      7.91
  -39.0         -78.35     11.46
  -38.0         -78.56     13.35
  -37.0         -78.60     13.31
  -36.0         -78.69     13.23
  -35.0         -78.73     13.30
  -34.0         -78.81     13.21
  -33.0         -78.86     11.59
  -32.0         -77.79      9.96
  -31.0         -77.35      6.40
  -30.0         -77.22      2.98
  -29.0         -75.64     -2.24
  -28.0         -75.68     -7.60
  -27.0         -77.48    -18.07
  -26.0         -80.76    -19.52
  -25.0         -82.74    -25.20
  -24.0         -83.08    -26.96
  -23.0         -84.66    -30.56
  -22.0         -85.01    -35.91
  -21.0         -85.09    -41.39
  -20.0         -84.87    -57.25
  -19.0         -83.38    -55.89
  -18.0         -81.62    -55.19
  -17.0         -80.33    -54.98
  -16.0         -78.32    -54.54
  -15.0         -76.52    -54.19
  -14.0         -73.28    -54.27
  -13.0         -69.86    -54.58
  -12.0         -62.58    -55.21
  -11.0         -56.24    -56.24
   39.0         -98.15    -88.90
   40.0        -106.88    -81.56
   41.0        -115.74    -80.08
   42.0        -121.22    -76.79
   43.0        -126.28    -74.29
   44.0        -131.64    -70.59
   45.0        -135.72    -64.21
   46.0        -140.81    -61.57
   47.0        -145.90    -50.18
   48.0        -150.86    -46.36
   49.0        -154.95    -41.40
   50.0        -160.04    -36.04
   51.0        -165.13    -30.42
   52.0        -170.36    -23.00
   53.0        -175.84    -16.45
   54.0        -179.80     -6.19    171.67    179.68
   55.0        -180.00      1.49    171.87    179.96
   56.0        -179.99   -125.41    -95.70     10.17    169.87    179.92
   57.0        -179.90   -127.24    -88.32     35.17    162.06    179.97
   58.0        -179.99   -127.64    -81.30     51.73    154.36    179.92
   59.0        -179.90   -130.67    -77.34     61.88    143.99    179.97
   60.0        -179.98   -132.97    -72.38    123.81    131.93    179.93
   61.0        -179.89   -138.32    -67.16    179.98
   62.0        -179.97   -141.87    -63.60    179.94
   63.0        -179.25   -145.55    -58.38    179.98
   64.0        -179.17   -148.84    -53.60    179.94
   65.0        -179.20   -152.23    -48.65    179.87
   66.0        -179.28   -158.13    -43.30    179.95
   67.0        -179.96   -161.01    -39.62    179.99
   68.0        -179.92   -167.03    -34.13    179.94
   69.0        -179.97   -171.46    -28.31    179.99
   70.0        -179.93   -171.83    -20.49    179.94
   71.0         -12.51    177.81
   72.0          -2.94    168.82
   73.0          10.79    162.03
   74.0          28.26    150.10
   75.0          60.19     68.20    103.72    116.22    125.22    133.24
