# Model: AP8min
# Altitude:  400km
# Inclination:  90deg
# Duty cycle: 93.4%
# Lat.(deg)    Domain(s) of exclusion in longitude(deg)
  -70.0         -34.19    -22.90
  -69.0         -28.84    -14.46
  -68.0         -28.76    -12.36
  -67.0         -41.18     -8.81
  -66.0         -42.76     -1.74
  -65.0         -39.30      1.77
  -64.0         -39.21      3.53
  -63.0         -46.57      8.75
  -62.0         -43.06     11.01
  -61.0         -40.85     14.07
  -60.0         -46.03     18.25
  -59.0         -45.02     22.81
  -58.0         -43.31     23.81
  -57.0         -45.82     24.52
  -56.0         -50.67     29.20
  -55.0         -59.66     31.50
  -54.0         -59.70     31.13
  -53.0         -57.99     33.18
  -52.0         -59.83     26.03
  -51.0         -63.39     25.94
  -50.0         -63.34     25.86
  -49.0         -68.94     29.66
  -48.0         -68.99     29.70
  -47.0         -70.87     25.69
  -46.0         -72.75     24.56
  -45.0         -74.64     25.57
  -44.0         -74.68     25.48
  -43.0         -74.76     21.13
  -42.0         -80.11     23.52
  -41.0         -81.99     23.06
  -40.0         -82.33     19.79
  -39.0         -84.04     19.71
  -38.0         -84.00     19.67
  -37.0         -85.84     19.71
  -36.0         -85.93     14.49
  -35.0         -85.97     17.70
  -34.0         -86.05     19.88
  -33.0         -86.10     17.57
  -32.0         -86.18     10.38
  -31.0         -86.22      7.58
  -30.0         -86.30      2.36
  -29.0         -86.35      1.31
  -28.0         -86.43     -8.22
  -27.0         -85.09    -14.96
  -26.0         -84.71    -16.84
  -25.0         -86.64    -22.19
  -24.0         -86.68    -22.31
  -23.0         -86.77    -24.12
  -22.0         -86.81    -27.80
  -21.0         -86.89    -27.88
  -20.0         -86.93    -29.77
  -19.0         -85.22    -30.88
  -18.0         -85.26    -32.64
  -17.0         -83.50    -34.36
  -16.0         -81.79    -36.11
  -15.0         -78.89    -38.97
  -14.0         -78.85    -51.55
  -13.0         -76.65    -49.84
  -12.0         -73.09    -49.88
  -11.0         -67.94    -48.33
  -10.0         -62.51    -53.55
