# Model: AP8min
# Altitude:  400km
# Inclination:  90deg
# Duty cycle: 93.4%
# Lat.(deg)    Domain(s) of exclusion in longitude(deg)
  -71.0         -35.27    -32.26
  -70.0         -34.19    -20.35
  -69.0         -30.05    -14.33
  -68.0         -31.27    -10.12
  -67.0         -42.85     -4.41
  -66.0         -42.76     -0.99
  -65.0         -42.23      2.57
  -64.0         -47.58      5.99
  -63.0         -46.57      9.02
  -62.0         -44.26     11.54
  -61.0         -42.44     15.22
  -60.0         -46.16     20.04
  -59.0         -45.02     23.07
  -58.0         -43.31     23.94
  -57.0         -50.50     26.05
  -56.0         -51.04     30.50
  -55.0         -59.77     31.64
  -54.0         -59.70     31.52
  -53.0         -58.95     33.93
  -52.0         -61.41     30.29
  -51.0         -64.56     28.27
  -50.0         -66.02     26.51
  -49.0         -68.94     30.06
  -48.0         -70.70     30.10
  -47.0         -71.91     28.52
  -46.0         -73.01     24.96
  -45.0         -74.72     28.64
  -44.0         -77.92     28.55
  -43.0         -78.24     21.66
  -42.0         -80.11     24.31
  -41.0         -81.99     23.45
  -40.0         -83.17     20.07
  -39.0         -84.04     20.11
  -38.0         -85.54     20.46
  -37.0         -85.84     19.98
  -36.0         -86.93     18.39
  -35.0         -87.64     18.57
  -34.0         -87.72     20.14
  -33.0         -88.14     17.57
  -32.0         -87.85     11.63
  -31.0         -87.93      8.11
  -30.0         -87.97      4.99
  -29.0         -87.88      1.71
  -28.0         -86.43     -6.89
  -27.0         -85.68    -12.37
  -26.0         -84.71    -16.05
  -25.0         -86.64    -21.56
  -24.0         -88.35    -21.79
  -23.0         -88.43    -23.28
  -22.0         -88.34    -26.79
  -21.0         -88.12    -26.75
  -20.0         -86.93    -28.38
  -19.0         -86.84    -30.22
  -18.0         -85.55    -31.85
  -17.0         -83.80    -33.61
  -16.0         -82.31    -35.02
  -15.0         -81.04    -38.17
  -14.0         -79.41    -50.80
  -13.0         -76.65    -49.46
  -12.0         -73.09    -49.09
  -11.0         -68.78    -47.80
  -10.0         -62.51    -52.76
