# Model: AP8max
# Altitude:  400km
# Inclination:  90deg
# Duty cycle: 94.0%
# Lat.(deg)    Domain(s) of exclusion in longitude(deg)
  -71.0         -39.68    -23.49
  -70.0         -35.95    -18.14
  -69.0         -35.49    -10.48
  -68.0         -46.53     -8.72
  -67.0         -48.12     -1.83
  -66.0         -42.80      0.06
  -65.0         -46.44      5.41
  -64.0         -41.01      9.09
  -63.0         -37.71     12.77
  -62.0         -37.75     14.11
  -61.0         -35.99     20.00
  -60.0         -37.87     21.09
  -59.0         -36.16     23.73
  -58.0         -38.04     26.41
  -57.0         -38.75     29.16
  -56.0         -40.47     32.84
  -55.0         -40.43     34.68
  -54.0         -40.39     34.77
  -53.0         -47.37     36.78
  -52.0         -50.92     36.73
  -51.0         -58.11     31.34
  -50.0         -61.80     31.38
  -49.0         -63.30     31.46
  -48.0         -67.19     33.34
  -47.0         -69.07     32.80
  -46.0         -70.95     31.63
  -45.0         -71.00     22.81
  -44.0         -72.88     22.85
  -43.0         -73.59     21.13
  -42.0         -74.80     19.96
  -41.0         -74.89     18.08
  -40.0         -74.93     17.99
  -39.0         -78.60     14.32
  -38.0         -78.56     14.36
  -37.0         -80.40     14.45
  -36.0         -80.49     14.49
  -35.0         -82.37     12.73
  -34.0         -82.41     10.97
  -33.0         -82.50      8.67
  -32.0         -84.38      2.23
  -31.0         -84.42      2.32
  -30.0         -84.51      2.36
  -29.0         -84.55     -2.33
  -28.0         -84.59     -8.22
  -27.0         -83.29    -11.36
  -26.0         -82.92    -16.84
  -25.0         -81.36    -23.99
  -24.0         -83.08    -27.67
  -23.0         -84.92    -32.93
  -22.0         -84.97    -32.89
  -21.0         -83.25    -34.65
  -20.0         -81.49    -38.17
  -19.0         -77.35    -38.12
  -18.0         -77.30    -40.60
  -17.0         -74.60    -43.26
  -16.0         -71.04    -45.02
  -15.0         -69.28    -53.84
  -14.0         -64.06    -53.35
  -13.0         -58.70    -53.44
  -12.0         -53.48    -53.48
