# Model: AE8max
# Altitude:  500km
# Inclination:  90deg
# Duty cycle: 76.2%
# Lat.(deg)    Domain(s) of exclusion in longitude(deg)
  -84.0         -98.35    -54.30
  -83.0        -116.41    -35.26
  -82.0        -126.00    -25.77
  -81.0        -135.01    -17.75
  -80.0        -140.33    -11.34
  -79.0        -145.27     -6.50
  -78.0        -150.11     -1.76
  -77.0        -154.85      3.07
  -76.0        -158.43      7.81
  -75.0        -159.77      8.00
  -74.0        -164.61     12.83
  -73.0        -167.67     17.67
  -72.0        -169.49     19.48
  -71.0        -172.34     22.45
  -70.0        -174.41     24.25
  -69.0        -176.96     27.33
  -68.0        -176.92     28.92
  -67.0        -179.37     33.49
  -66.0        -179.45    178.59
  -65.0        -179.50    178.67
  -64.0        -179.58    178.72
  -63.0        -179.62    178.80
  -62.0        -179.71    178.84
  -61.0        -179.75    178.92
  -60.0        -179.83    178.97
  -59.0        -179.92    179.05
  -58.0        -179.96    179.13
  -57.0        -180.00   -156.19    165.90    179.96
  -56.0        -179.98   -161.03    165.85    179.92
  -55.0        -176.04   -165.86    165.67    179.97
  -54.0        -176.00    179.89
  -53.0        -175.92    179.85
  -52.0         -72.04    179.77
  -51.0         -72.12     84.48    155.97    174.93
  -50.0         -72.17     84.52    151.13    170.19
  -49.0         -76.90    165.47
  -48.0         -77.09    160.76
  -47.0         -77.13    156.05
  -46.0         -77.21    151.24
  -45.0         -80.36    146.14
  -44.0         -81.99     85.04
  -43.0         -82.18     85.12
  -42.0         -82.26     88.87
  -41.0         -84.76     89.90
  -40.0         -84.86     90.04
  -39.0         -84.77     12.65
  -38.0         -84.69     17.36
  -37.0         -84.65     20.02
  -36.0         -84.56     20.10
  -35.0         -84.52     20.14
  -34.0         -84.44     20.09
  -33.0         -84.36     17.07
  -32.0         -84.31     16.98
  -31.0         -84.23     16.94
  -30.0         -84.19     15.68
  -29.0         -84.10     12.02
  -28.0         -84.06     11.98
  -27.0         -83.98      7.14
  -26.0         -87.96      2.40
  -25.0         -88.61     -7.23
  -24.0         -88.56    -12.07
  -23.0         -88.48    -16.91
  -22.0         -93.01    -16.95
  -21.0         -93.05    -21.69
  -20.0         -93.14    -21.73
  -19.0         -93.18    -26.32
  -18.0         -88.51    -30.99
  -17.0         -88.55    -35.70
  -16.0         -88.63    -40.41
  -15.0         -88.67    -49.78
  -14.0         -84.10    -49.70
  -13.0         -84.15    -49.65
  -12.0         -79.43    -46.03
  -11.0         -79.48    -46.07
  -10.0         -74.81    -44.79
   -9.0         -73.26    -44.75
   -8.0         -70.14    -46.28
   -7.0         -65.42    -46.37
   -6.0         -60.85    -46.41
   -5.0         -58.80    -58.80
   39.0        -103.29    -84.19
   40.0        -110.48    -78.06
   41.0        -117.23    -74.52
   42.0        -122.08    -74.47
   43.0        -126.79    -73.47
   44.0        -131.51    -69.55
   45.0        -136.08    -55.26
   46.0        -140.79    -54.68
   47.0        -148.80    -50.01
   48.0        -153.63    -45.40
   49.0        -158.47    -40.69
   50.0        -163.31    -35.97
   51.0        -168.15    -26.65
   52.0        -172.98    -21.54
   53.0        -178.25    -12.47
   54.0        -178.35    177.34
   55.0        -178.26    177.44
   56.0        -178.22    -41.29    163.15    177.36
   57.0        -178.14   -116.28    153.56    177.27
   58.0        -178.16   -120.99    144.09    177.29
   59.0        -178.20   -125.84    134.48    177.38
   60.0        -178.28   -130.68    -78.06    177.42
   61.0        -178.33   -130.86    -70.03    177.50
   62.0        -178.41   -139.70    -65.32    177.54
   63.0        -178.45   -140.53    -63.64    177.63
   64.0        -178.53   -145.23    -58.80    177.67
   65.0        -178.62   -149.97    -51.32    177.75
   66.0        -178.66   -153.75    -46.61    177.84
   67.0        -178.74   -158.37    -41.90    177.88
   68.0        -178.79   -163.08    -37.19    177.96
   69.0        -178.87   -167.65    -30.06    178.01
   70.0        -178.91    178.09
   71.0          -8.95    173.48
   72.0           3.41    166.76
   73.0          14.68    159.16
   74.0          33.70    149.79
   75.0          65.39    130.87
