# Model: AP8min
# Altitude:  500km
# Inclination:  90deg
# Duty cycle: 91.3%
# Lat.(deg)    Domain(s) of exclusion in longitude(deg)
  -73.0         -42.01    -39.39
  -72.0         -51.70    -32.78
  -71.0         -46.93    -23.18
  -70.0         -42.32    -18.46
  -69.0         -47.06    -13.89
  -68.0         -56.65     -9.18
  -67.0         -52.03     -4.47
  -66.0         -52.12     -0.97
  -65.0         -57.94      3.87
  -64.0         -57.00      4.91
  -63.0         -53.06      9.48
  -62.0         -52.31     14.06
  -61.0         -52.94     14.15
  -60.0         -52.85     18.82
  -59.0         -57.42     23.40
  -58.0         -57.52     23.50
  -57.0         -57.50     28.17
  -56.0         -66.99     28.21
  -55.0         -67.08     33.05
  -54.0         -67.12     37.79
  -53.0         -67.20     33.18
  -52.0         -72.04     38.01
  -51.0         -72.12     37.24
  -50.0         -76.96     33.38
  -49.0         -77.00     28.67
  -48.0         -77.09     33.51
  -47.0         -80.38     33.55
  -46.0         -81.87     33.59
  -45.0         -82.05     32.07
  -44.0         -82.09     29.01
  -43.0         -85.03     33.80
  -42.0         -86.92     27.20
  -41.0         -86.96     27.12
  -40.0         -89.57     27.08
  -39.0         -89.53     24.55
  -38.0         -89.49     24.63
  -37.0         -92.00     24.67
  -36.0         -92.09     24.71
  -35.0         -92.13     21.95
  -34.0         -93.85     24.88
  -33.0         -93.81     24.92
  -32.0         -93.76     21.78
  -31.0         -93.68     16.94
  -30.0         -93.60     16.86
  -29.0         -93.55     12.02
  -28.0         -93.47     11.98
  -27.0         -93.43     11.00
  -26.0         -92.72      6.43
  -25.0         -88.61     -2.44
  -24.0         -93.18     -2.90
  -23.0         -93.14     -7.61
  -22.0         -93.09    -12.42
  -21.0         -93.05    -16.99
  -20.0         -93.14    -16.91
  -19.0         -93.18    -21.62
  -18.0         -93.26    -21.54
  -17.0         -93.35    -21.50
  -16.0         -93.25    -26.07
  -15.0         -88.67    -26.02
  -14.0         -88.76    -25.94
  -13.0         -88.80    -26.04
  -12.0         -84.23    -30.61
  -11.0         -84.27    -31.87
  -10.0         -79.60    -35.38
   -9.0         -79.64    -44.71
   -8.0         -74.93    -41.63
   -7.0         -73.13    -39.78
   -6.0         -70.26    -39.88
   -5.0         -63.55    -44.45
   -4.0         -58.72    -46.53
