# Model: AP8max
# Altitude:  500km
# Inclination:  90deg
# Duty cycle: 91.9%
# Lat.(deg)    Domain(s) of exclusion in longitude(deg)
  -73.0         -56.45    -32.60
  -72.0         -51.70    -25.10
  -71.0         -51.78    -20.26
  -70.0         -51.77    -15.42
  -69.0         -58.19     -9.24
  -68.0         -58.15     -4.53
  -67.0         -58.07     -4.43
  -66.0         -56.87      0.24
  -65.0         -52.16      4.96
  -64.0         -48.35      9.53
  -63.0         -43.61     13.55
  -62.0         -47.62     14.20
  -61.0         -43.49     18.87
  -60.0         -48.06     18.82
  -59.0         -48.01     23.54
  -58.0         -47.97     28.21
  -57.0         -47.95     28.17
  -56.0         -52.56     32.97
  -55.0         -52.87     33.05
  -54.0         -57.71     37.89
  -53.0         -62.45     37.93
  -52.0         -67.29     38.01
  -51.0         -67.33     42.81
  -50.0         -72.17     38.00
  -49.0         -72.25     38.08
  -48.0         -77.09     36.99
  -47.0         -77.13     38.35
  -46.0         -77.21     36.90
  -45.0         -77.26     33.68
  -44.0         -80.31     27.33
  -43.0         -82.18     27.24
  -42.0         -82.26     24.38
  -41.0         -82.30     24.42
  -40.0         -82.39     24.46
  -39.0         -84.73     22.24
  -38.0         -84.69     22.06
  -37.0         -87.25     20.02
  -36.0         -87.29     20.10
  -35.0         -87.38     20.14
  -34.0         -87.42     17.11
  -33.0         -89.15     17.07
  -32.0         -89.07     15.60
  -31.0         -89.03     15.64
  -30.0         -88.94     15.72
  -29.0         -88.90     12.02
  -28.0         -88.82     11.98
  -27.0         -88.73      7.14
  -26.0         -88.69      6.43
  -25.0         -88.61      2.22
  -24.0         -88.56     -2.90
  -23.0         -88.48    -12.11
  -22.0         -93.01    -16.95
  -21.0         -93.05    -21.69
  -20.0         -88.34    -26.36
  -19.0         -88.42    -26.28
  -18.0         -83.81    -26.23
  -17.0         -83.89    -30.90
  -16.0         -83.94    -30.86
  -15.0         -84.02    -30.78
  -14.0         -79.31    -31.80
  -13.0         -79.39    -35.45
  -12.0         -79.43    -35.41
  -11.0         -79.52    -40.08
  -10.0         -79.56    -44.79
   -9.0         -74.85    -44.71
   -8.0         -70.18    -44.62
   -7.0         -65.42    -46.37
