# Model: AP8min
# Altitude:  500km
# Inclination:  90deg
# Duty cycle: 91.3%
# Lat.(deg)    Domain(s) of exclusion in longitude(deg)
  -73.0         -51.26    -37.06
  -72.0         -51.70    -26.71
  -71.0         -46.93    -21.46
  -70.0         -45.22    -16.75
  -69.0         -47.06    -12.38
  -68.0         -56.65     -7.67
  -67.0         -53.02     -2.86
  -66.0         -52.93      0.98
  -65.0         -57.94      4.75
  -64.0         -57.00      6.48
  -63.0         -53.06     10.76
  -62.0         -56.97     14.71
  -61.0         -56.77     15.87
  -60.0         -52.85     20.54
  -59.0         -57.42     24.13
  -58.0         -61.14     25.21
  -57.0         -61.28     29.78
  -56.0         -66.99     29.88
  -55.0         -67.08     34.31
  -54.0         -67.12     38.23
  -53.0         -70.68     38.78
  -52.0         -72.04     38.99
  -51.0         -74.46     38.75
  -50.0         -76.96     34.12
  -49.0         -77.00     34.17
  -48.0         -79.25     34.05
  -47.0         -81.39     34.33
  -46.0         -81.87     34.03
  -45.0         -82.05     33.78
  -44.0         -84.94     32.82
  -43.0         -86.63     33.90
  -42.0         -86.92     28.52
  -41.0         -88.44     29.32
  -40.0         -90.08     27.95
  -39.0         -91.24     25.28
  -38.0         -91.72     25.51
  -37.0         -92.00     25.55
  -36.0         -92.56     24.71
  -35.0         -93.25     23.66
  -34.0         -93.85     25.22
  -33.0         -93.81     25.02
  -32.0         -93.76     21.78
  -31.0         -95.42     18.55
  -30.0         -95.37     17.20
  -29.0         -93.55     16.06
  -28.0         -93.47     13.69
  -27.0         -93.43     11.53
  -26.0         -92.72      7.83
  -25.0         -92.26      2.89
  -24.0         -93.18     -2.80
  -23.0         -96.41     -6.63
  -22.0         -96.65    -12.42
  -21.0         -96.05    -15.18
  -20.0         -93.14    -15.44
  -19.0         -93.18    -19.77
  -18.0         -93.26    -19.73
  -17.0         -93.35    -19.68
  -16.0         -93.25    -24.35
  -15.0         -92.11    -24.31
  -14.0         -88.76    -24.91
  -13.0         -88.80    -26.04
  -12.0         -87.43    -28.86
  -11.0         -84.27    -30.89
  -10.0         -82.90    -33.53
   -9.0         -79.64    -42.85
   -8.0         -76.55    -40.69
   -7.0         -73.56    -39.59
   -6.0         -70.26    -39.35
   -5.0         -66.50    -42.84
   -4.0         -60.20    -46.53
